{"logTime": "0516/131650", "correlationVector":"eSds2/1Z+DdlAbLvUynJlN.1","action":"SyncServerConnectionManagerRequest", "result":"SYNC_SERVER_OK", "context":{"environment":"Prod_southindia_prod-s01-004-apac-southindia", "migrationStage":"NotStarted", "server":"akswtt01200001y"}}
{"logTime": "0516/131650", "correlationVector":"eSds2/1Z+DdlAbLvUynJlN.2","action":"ProcessGetUpdates", "result":"Done", "context":{"dataType":"Encryption Keys", "deleted":"0", "process_failed_to_decrypt":"0", "process_pending_decryption":"0", "process_success":"1", "total":"1"}}
{"logTime": "0516/131651", "correlationVector":"EHbTVpk4SRj2/jjtoHuDgX","action":"SyncServerConnectionManagerRequest", "result":"SYNC_SERVER_OK", "context":{"environment":"", "migrationStage":"", "server":""}}
{"logTime": "0516/131651", "correlationVector":"EHbTVpk4SRj2/jjtoHuDgX.0","action":"EncryptionKeysFetcher.DownloadKeys:", "result":"Success", "context":Key count: 6, Last key timestamp: 2025-03-17T08:59:37Z}
{"logTime": "0516/131651", "correlationVector":"EHbTVpk4SRj2/jjtoHuDgX.1","action":"EncryptionKeysManager::SetEncryptionKeys:", "result":"Success", "context":Key names[6]:[x2OQutmekL6/k1FPosyZJpgzydJdZFES/Bh2xbG0uoOgLa/YOblnCxRBBzZoPe6EItJV7P9UHUdCZYT8V+VHew==][SmJMfA1RzCNCesuaHkhZATWDpuTQElnL3O1L6+cw+otHzl7ejYI4+5vAc7otDp94AS1iMsEvpLbmy0CoW3u4Hg==][V0XP5T/iUuGoc/eRiU7X4mJPbdz8rAYUkEJbCgULAcw0oBblfn/7m0kLMsJPc0+5cJiFp1EtLBN3fRfER968jg==][vopT0VHnmvUT3c+I5hcGmZ6uhhY06NTSOoyZNPjXGERj+0OO5t03kNAyJEHvrceRxWuMHLjcAPeJpkDBwHjJ/Q==][7IA8yh8dShAQBB+vtFATpnaxej4p/rqtRt3IEB6q6P6gp4YR/VHYiQL0ePGTqD32mMtyDDOMJSv5ck/joUuidQ==][HIFEtfwsatFWzForQgL2NHRPXeQcB0JDrnmtXpiadq0f9akOcZeInH95b1rkUVZPjbdrXB9DvfKkJfOuDxP4ZQ==]}
{"logTime": "0516/131651", "correlationVector":"EHbTVpk4SRj2/jjtoHuDgX.2","action":"EncryptionKeysManager::SetEncryptionKeysWithTimestamps:", "result":"Success", "context":Key timestamps[6]:[2022-03-30T15:45:27Z][2022-09-30T12:42:00Z][2023-09-14T14:06:19Z][2024-03-14T08:56:24Z][2024-09-13T15:25:31Z][2025-03-17T08:59:37Z]}
{"logTime": "0516/131651", "correlationVector":"eSds2/1Z+DdlAbLvUynJlN","action":"Initial GetUpdates", "result":"", "context":Reason: NEW_CLIENT. cV=eSds2/1Z+DdlAbLvUynJlN}
{"logTime": "0516/131651", "correlationVector":"eSds2/1Z+DdlAbLvUynJlN.3","action":"GetUpdates Response", "result":"Success", "context":Received 1 update(s). cV=eSds2/1Z+DdlAbLvUynJlN.0;server=akswtt01200001y;cloudType=Consumer;environment=Prod_southindia_prod-s01-004-apac-southindia;migrationStage=NotStarted}
{"logTime": "0516/131651", "correlationVector":"Ze6n4z9zKbWr7bEF/XQ8dV","action":"Initial GetUpdates", "result":"", "context":Reason: NEWLY_SUPPORTED_DATATYPE. cV=Ze6n4z9zKbWr7bEF/XQ8dV}
{"logTime": "0516/131651", "correlationVector":"Ze6n4z9zKbWr7bEF/XQ8dV.1","action":"SyncServerConnectionManagerRequest", "result":"SYNC_SERVER_OK", "context":{"environment":"Prod_southindia_prod-s01-004-apac-southindia", "migrationStage":"NotStarted", "server":"akswtt01200000u"}}
{"logTime": "0516/131651", "correlationVector":"Ze6n4z9zKbWr7bEF/XQ8dV.2","action":"ProcessGetUpdates", "result":"Done", "context":{"dataType":"Preferences", "deleted":"0", "process_failed_to_decrypt":"0", "process_pending_decryption":"0", "process_success":"61", "total":"61"}}
{"logTime": "0516/131651", "correlationVector":"Ze6n4z9zKbWr7bEF/XQ8dV.3","action":"ProcessGetUpdates", "result":"Done", "context":{"dataType":"Passwords", "deleted":"0", "process_failed_to_decrypt":"0", "process_pending_decryption":"0", "process_success":"4", "total":"4"}}
{"logTime": "0516/131651", "correlationVector":"Ze6n4z9zKbWr7bEF/XQ8dV.4","action":"ProcessGetUpdates", "result":"Done", "context":{"dataType":"Device Info", "deleted":"0", "process_failed_to_decrypt":"0", "process_pending_decryption":"0", "process_success":"1", "total":"1"}}
{"logTime": "0516/131651", "correlationVector":"Ze6n4z9zKbWr7bEF/XQ8dV.5","action":"GetUpdates Response", "result":"Success", "context":Received 66 update(s). cV=Ze6n4z9zKbWr7bEF/XQ8dV.0;server=akswtt01200000u;cloudType=Consumer;environment=Prod_southindia_prod-s01-004-apac-southindia;migrationStage=NotStarted}
{"logTime": "0516/131651", "correlationVector":"fNxmV7uP4Zu1cUw2P218Bs","action":"Initial GetUpdates", "result":"", "context":Reason: NEWLY_SUPPORTED_DATATYPE. cV=fNxmV7uP4Zu1cUw2P218Bs}
{"logTime": "0516/131652", "correlationVector":"fNxmV7uP4Zu1cUw2P218Bs.1","action":"SyncServerConnectionManagerRequest", "result":"SYNC_SERVER_OK", "context":{"environment":"Prod_southindia_prod-s01-004-apac-southindia", "migrationStage":"NotStarted", "server":"akswtt01200001u"}}
{"logTime": "0516/131652", "correlationVector":"fNxmV7uP4Zu1cUw2P218Bs.2","action":"ProcessGetUpdates", "result":"Done", "context":{"dataType":"Bookmarks", "deleted":"0", "process_failed_to_decrypt":"0", "process_pending_decryption":"0", "process_success":"9", "total":"9"}}
{"logTime": "0516/131652", "correlationVector":"fNxmV7uP4Zu1cUw2P218Bs.3","action":"GetUpdates Response", "result":"Success", "context":Received 9 update(s). cV=fNxmV7uP4Zu1cUw2P218Bs.0;server=akswtt01200001u;cloudType=Consumer;environment=Prod_southindia_prod-s01-004-apac-southindia;migrationStage=NotStarted}
{"logTime": "0516/131652", "correlationVector":"TJNJLZNyfzKyFTJJD8xIgF","action":"Initial GetUpdates", "result":"", "context":Reason: NEWLY_SUPPORTED_DATATYPE. cV=TJNJLZNyfzKyFTJJD8xIgF}
{"logTime": "0516/131652", "correlationVector":"TJNJLZNyfzKyFTJJD8xIgF.1","action":"SyncServerConnectionManagerRequest", "result":"SYNC_SERVER_OK", "context":{"environment":"Prod_southindia_prod-s01-004-apac-southindia", "migrationStage":"NotStarted", "server":"akswtt01200001n"}}
{"logTime": "0516/131652", "correlationVector":"TJNJLZNyfzKyFTJJD8xIgF.2","action":"ProcessGetUpdates", "result":"Done", "context":{"dataType":"Autofill", "deleted":"0", "process_failed_to_decrypt":"0", "process_pending_decryption":"0", "process_success":"9", "total":"9"}}
{"logTime": "0516/131652", "correlationVector":"TJNJLZNyfzKyFTJJD8xIgF.3","action":"ProcessGetUpdates", "result":"Done", "context":{"dataType":"Sessions", "deleted":"2", "process_failed_to_decrypt":"0", "process_pending_decryption":"0", "process_success":"2", "total":"2"}}
{"logTime": "0516/131652", "correlationVector":"TJNJLZNyfzKyFTJJD8xIgF.4","action":"ProcessGetUpdates", "result":"Done", "context":{"dataType":"Edge Hub App Usage", "deleted":"1", "process_failed_to_decrypt":"0", "process_pending_decryption":"0", "process_success":"2", "total":"2"}}
{"logTime": "0516/131652", "correlationVector":"TJNJLZNyfzKyFTJJD8xIgF.5","action":"GetUpdates Response", "result":"Success", "context":Received 13 update(s). cV=TJNJLZNyfzKyFTJJD8xIgF.0;server=akswtt01200001n;cloudType=Consumer;environment=Prod_southindia_prod-s01-004-apac-southindia;migrationStage=NotStarted}
{"logTime": "0516/131652", "correlationVector":"DLfaKHmxkIEXPEZ64xFZiC","action":"Initial GetUpdates", "result":"", "context":Reason: NEWLY_SUPPORTED_DATATYPE. cV=DLfaKHmxkIEXPEZ64xFZiC}
{"logTime": "0516/131652", "correlationVector":"DLfaKHmxkIEXPEZ64xFZiC.1","action":"SyncServerConnectionManagerRequest", "result":"SYNC_SERVER_OK", "context":{"environment":"Prod_southindia_prod-s01-004-apac-southindia", "migrationStage":"NotStarted", "server":"akswtt012000029"}}
{"logTime": "0516/131652", "correlationVector":"DLfaKHmxkIEXPEZ64xFZiC.2","action":"GetUpdates Response", "result":"Success", "context":Received 0 update(s). cV=DLfaKHmxkIEXPEZ64xFZiC.0;server=akswtt012000029;cloudType=Consumer;environment=Prod_southindia_prod-s01-004-apac-southindia;migrationStage=NotStarted}
{"logTime": "0516/131652", "correlationVector":"8/DUH8iwcA9DoGjBCYzafU","action":"Normal GetUpdate request", "result":"", "context":cV=8/DUH8iwcA9DoGjBCYzafU
Nudged types: Passwords, Sessions, Device Info, User Consents
Refresh requested types: Bookmarks, Preferences, Passwords, Autofill Profiles, Autofill, Extensions, Sessions, Extension settings, History Delete Directives, Device Info, User Consents, Send Tab To Self, Web Apps, History, Saved Tab Group, Collection, Edge E Drop, Edge Hub App Usage, Edge Tab Group, Edge Wallet, Encryption Keys}
{"logTime": "0516/131652", "correlationVector":"8/DUH8iwcA9DoGjBCYzafU.1","action":"SyncServerConnectionManagerRequest", "result":"SYNC_SERVER_OK", "context":{"environment":"Prod_southindia_prod-s01-004-apac-southindia", "migrationStage":"NotStarted", "server":"akswtt01200002t"}}
{"logTime": "0516/131652", "correlationVector":"8/DUH8iwcA9DoGjBCYzafU.2","action":"GetUpdates Response", "result":"Success", "context":Received 0 update(s). cV=8/DUH8iwcA9DoGjBCYzafU.0;server=akswtt01200002t;cloudType=Consumer;environment=Prod_southindia_prod-s01-004-apac-southindia;migrationStage=NotStarted}
{"logTime": "0516/131652", "correlationVector":"lQoFFsvbju6qAs9+RnhsEV","action":"Commit Request", "result":"", "context":Item count: 6
Contributing types: Passwords, Sessions, Device Info, User Consents}
{"logTime": "0516/131653", "correlationVector":"lQoFFsvbju6qAs9+RnhsEV.1","action":"SyncServerConnectionManagerRequest", "result":"SYNC_SERVER_OK", "context":{"environment":"Prod_southindia_prod-s01-004-apac-southindia", "migrationStage":"NotStarted", "server":"akswtt01200000r"}}
{"logTime": "0516/131653", "correlationVector":"lQoFFsvbju6qAs9+RnhsEV.2","action":"Commit Response", "result":"Success", "context":Result: Success. cV=lQoFFsvbju6qAs9+RnhsEV.0;server=akswtt01200000r;cloudType=Consumer;environment=Prod_southindia_prod-s01-004-apac-southindia;migrationStage=NotStarted}
{"logTime": "0516/131656", "correlationVector":"7CsLaOY/RiFIV8HFTjNIBi","action":"Commit Request", "result":"", "context":Item count: 1
Contributing types: User Consents}
{"logTime": "0516/131656", "correlationVector":"7CsLaOY/RiFIV8HFTjNIBi.1","action":"SyncServerConnectionManagerRequest", "result":"SYNC_SERVER_OK", "context":{"environment":"Prod_southindia_prod-s01-004-apac-southindia", "migrationStage":"NotStarted", "server":"akswtt01200000u"}}
{"logTime": "0516/131656", "correlationVector":"7CsLaOY/RiFIV8HFTjNIBi.2","action":"Commit Response", "result":"Success", "context":Result: Success. cV=7CsLaOY/RiFIV8HFTjNIBi.0;server=akswtt01200000u;cloudType=Consumer;environment=Prod_southindia_prod-s01-004-apac-southindia;migrationStage=NotStarted}
{"logTime": "0516/131722", "correlationVector":"oHKJKJMIHG/N2PQIkQcsJ/","action":"Commit Request", "result":"", "context":Item count: 6
Contributing types: Preferences, Sessions, History}
{"logTime": "0516/131723", "correlationVector":"oHKJKJMIHG/N2PQIkQcsJ/.1","action":"SyncServerConnectionManagerRequest", "result":"SYNC_SERVER_OK", "context":{"environment":"Prod_southindia_prod-s01-004-apac-southindia", "migrationStage":"NotStarted", "server":"akswtt012000020"}}
{"logTime": "0516/131723", "correlationVector":"oHKJKJMIHG/N2PQIkQcsJ/.2","action":"Commit Response", "result":"Success", "context":Result: Success. cV=oHKJKJMIHG/N2PQIkQcsJ/.0;server=akswtt012000020;cloudType=Consumer;environment=Prod_southindia_prod-s01-004-apac-southindia;migrationStage=NotStarted}
{"logTime": "0516/132806", "correlationVector":"jFREWwVIsGwa2hmWSJhKws.1","action":"SyncServerConnectionManagerRequest", "result":"SYNC_SERVER_OK", "context":{"environment":"Prod_southindia_prod-s01-004-apac-southindia", "migrationStage":"NotStarted", "server":"akswtt01200001z"}}
{"logTime": "0516/132806", "correlationVector":"jFREWwVIsGwa2hmWSJhKws.2","action":"ProcessGetUpdates", "result":"Done", "context":{"dataType":"Encryption Keys", "deleted":"0", "process_failed_to_decrypt":"0", "process_pending_decryption":"0", "process_success":"1", "total":"1"}}
{"logTime": "0516/132807", "correlationVector":"Ur5g5/mmeug2mvONcdGANi","action":"SyncServerConnectionManagerRequest", "result":"SYNC_SERVER_OK", "context":{"environment":"", "migrationStage":"", "server":""}}
{"logTime": "0516/132807", "correlationVector":"Ur5g5/mmeug2mvONcdGANi.0","action":"EncryptionKeysFetcher.DownloadKeys:", "result":"Success", "context":Key count: 6, Last key timestamp: 2025-03-17T08:59:37Z}
{"logTime": "0516/132807", "correlationVector":"Ur5g5/mmeug2mvONcdGANi.1","action":"EncryptionKeysManager::SetEncryptionKeys:", "result":"Success", "context":Key names[6]:[x2OQutmekL6/k1FPosyZJpgzydJdZFES/Bh2xbG0uoOgLa/YOblnCxRBBzZoPe6EItJV7P9UHUdCZYT8V+VHew==][SmJMfA1RzCNCesuaHkhZATWDpuTQElnL3O1L6+cw+otHzl7ejYI4+5vAc7otDp94AS1iMsEvpLbmy0CoW3u4Hg==][V0XP5T/iUuGoc/eRiU7X4mJPbdz8rAYUkEJbCgULAcw0oBblfn/7m0kLMsJPc0+5cJiFp1EtLBN3fRfER968jg==][vopT0VHnmvUT3c+I5hcGmZ6uhhY06NTSOoyZNPjXGERj+0OO5t03kNAyJEHvrceRxWuMHLjcAPeJpkDBwHjJ/Q==][7IA8yh8dShAQBB+vtFATpnaxej4p/rqtRt3IEB6q6P6gp4YR/VHYiQL0ePGTqD32mMtyDDOMJSv5ck/joUuidQ==][HIFEtfwsatFWzForQgL2NHRPXeQcB0JDrnmtXpiadq0f9akOcZeInH95b1rkUVZPjbdrXB9DvfKkJfOuDxP4ZQ==]}
{"logTime": "0516/132807", "correlationVector":"Ur5g5/mmeug2mvONcdGANi.2","action":"EncryptionKeysManager::SetEncryptionKeysWithTimestamps:", "result":"Success", "context":Key timestamps[6]:[2022-03-30T15:45:27Z][2022-09-30T12:42:00Z][2023-09-14T14:06:19Z][2024-03-14T08:56:24Z][2024-09-13T15:25:31Z][2025-03-17T08:59:37Z]}
{"logTime": "0516/132807", "correlationVector":"jFREWwVIsGwa2hmWSJhKws","action":"Initial GetUpdates", "result":"", "context":Reason: NEW_CLIENT. cV=jFREWwVIsGwa2hmWSJhKws}
{"logTime": "0516/132807", "correlationVector":"jFREWwVIsGwa2hmWSJhKws.3","action":"GetUpdates Response", "result":"Success", "context":Received 1 update(s). cV=jFREWwVIsGwa2hmWSJhKws.0;server=akswtt01200001z;cloudType=Consumer;environment=Prod_southindia_prod-s01-004-apac-southindia;migrationStage=NotStarted}
{"logTime": "0516/132807", "correlationVector":"lvkZDSHMB/dtREsI0dL9XG","action":"Initial GetUpdates", "result":"", "context":Reason: NEWLY_SUPPORTED_DATATYPE. cV=lvkZDSHMB/dtREsI0dL9XG}
{"logTime": "0516/132807", "correlationVector":"lvkZDSHMB/dtREsI0dL9XG.1","action":"SyncServerConnectionManagerRequest", "result":"SYNC_SERVER_OK", "context":{"environment":"Prod_southindia_prod-s01-004-apac-southindia", "migrationStage":"NotStarted", "server":"akswtt012000024"}}
{"logTime": "0516/132807", "correlationVector":"lvkZDSHMB/dtREsI0dL9XG.2","action":"ProcessGetUpdates", "result":"Done", "context":{"dataType":"Passwords", "deleted":"0", "process_failed_to_decrypt":"0", "process_pending_decryption":"0", "process_success":"6", "total":"6"}}
{"logTime": "0516/132807", "correlationVector":"lvkZDSHMB/dtREsI0dL9XG.3","action":"GetUpdates Response", "result":"Success", "context":Received 6 update(s). cV=lvkZDSHMB/dtREsI0dL9XG.0;server=akswtt012000024;cloudType=Consumer;environment=Prod_southindia_prod-s01-004-apac-southindia;migrationStage=NotStarted}
{"logTime": "0516/132807", "correlationVector":"QUv/1ZZkTMaM1Ef95rfQHG","action":"Normal GetUpdate request", "result":"", "context":cV=QUv/1ZZkTMaM1Ef95rfQHG
Nudged types: Sessions, History
Refresh requested types: Bookmarks, Preferences, Passwords, Autofill Profiles, Autofill, Extensions, Sessions, Extension settings, History Delete Directives, Device Info, User Consents, Send Tab To Self, Web Apps, History, Saved Tab Group, Collection, Edge E Drop, Edge Hub App Usage, Edge Tab Group, Edge Wallet, Encryption Keys}
{"logTime": "0516/132807", "correlationVector":"QUv/1ZZkTMaM1Ef95rfQHG.1","action":"SyncServerConnectionManagerRequest", "result":"SYNC_SERVER_OK", "context":{"environment":"Prod_southindia_prod-s01-004-apac-southindia", "migrationStage":"NotStarted", "server":"akswtt01200000s"}}
{"logTime": "0516/132807", "correlationVector":"QUv/1ZZkTMaM1Ef95rfQHG.2","action":"ProcessGetUpdates", "result":"Done", "context":{"dataType":"Preferences", "deleted":"0", "process_failed_to_decrypt":"0", "process_pending_decryption":"0", "process_success":"1", "total":"1"}}
{"logTime": "0516/132807", "correlationVector":"QUv/1ZZkTMaM1Ef95rfQHG.3","action":"ProcessGetUpdates", "result":"Done", "context":{"dataType":"Sessions", "deleted":"0", "process_failed_to_decrypt":"0", "process_pending_decryption":"0", "process_success":"2", "total":"2"}}
{"logTime": "0516/132807", "correlationVector":"QUv/1ZZkTMaM1Ef95rfQHG.4","action":"ProcessGetUpdates", "result":"Done", "context":{"dataType":"Device Info", "deleted":"0", "process_failed_to_decrypt":"0", "process_pending_decryption":"0", "process_success":"1", "total":"1"}}
{"logTime": "0516/132807", "correlationVector":"QUv/1ZZkTMaM1Ef95rfQHG.5","action":"ProcessGetUpdates", "result":"Done", "context":{"dataType":"History", "deleted":"0", "process_failed_to_decrypt":"0", "process_pending_decryption":"0", "process_success":"4", "total":"4"}}
{"logTime": "0516/132807", "correlationVector":"QUv/1ZZkTMaM1Ef95rfQHG.6","action":"GetUpdates Response", "result":"Success", "context":Received 8 update(s). cV=QUv/1ZZkTMaM1Ef95rfQHG.0;server=akswtt01200000s;cloudType=Consumer;environment=Prod_southindia_prod-s01-004-apac-southindia;migrationStage=NotStarted}
{"logTime": "0516/132807", "correlationVector":"zJlKxuIIRNH/sTQzfHjsC/","action":"Commit Request", "result":"", "context":Item count: 9
Contributing types: Sessions, History}
{"logTime": "0516/132808", "correlationVector":"zJlKxuIIRNH/sTQzfHjsC/.1","action":"SyncServerConnectionManagerRequest", "result":"SYNC_SERVER_OK", "context":{"environment":"Prod_southindia_prod-s01-004-apac-southindia", "migrationStage":"NotStarted", "server":"akswtt01200002q"}}
{"logTime": "0516/132808", "correlationVector":"zJlKxuIIRNH/sTQzfHjsC/.2","action":"Commit Response", "result":"Success", "context":Result: Success. cV=zJlKxuIIRNH/sTQzfHjsC/.0;server=akswtt01200002q;cloudType=Consumer;environment=Prod_southindia_prod-s01-004-apac-southindia;migrationStage=NotStarted}
{"logTime": "0516/132808", "correlationVector":"zJlKxuIIRNH/sTQzfHjsC/.3","action":"Commit.Sessions", "result":"Success", "context":{"id":"7a1b0647-accf-4132-a179-cccca3a9eb03", "isDeleted":"true", "size":"0", "version":"1747401442798"}}
{"logTime": "0516/132812", "correlationVector":"/1PSuI8H/80GmPM4cxzUA6","action":"Commit Request", "result":"", "context":Item count: 2
Contributing types: Preferences, Edge Hub App Usage}
{"logTime": "0516/132813", "correlationVector":"/1PSuI8H/80GmPM4cxzUA6.1","action":"SyncServerConnectionManagerRequest", "result":"SYNC_SERVER_OK", "context":{"environment":"Prod_southindia_prod-s01-004-apac-southindia", "migrationStage":"NotStarted", "server":"akswtt012000019"}}
{"logTime": "0516/132813", "correlationVector":"/1PSuI8H/80GmPM4cxzUA6.2","action":"Commit Response", "result":"Success", "context":Result: Success. cV=/1PSuI8H/80GmPM4cxzUA6.0;server=akswtt012000019;cloudType=Consumer;environment=Prod_southindia_prod-s01-004-apac-southindia;migrationStage=NotStarted}
{"logTime": "0516/132915", "correlationVector":"33KPcuLLSIu5u3EBhIn3SR","action":"Commit Request", "result":"", "context":Item count: 10
Contributing types: Sessions, History}
{"logTime": "0516/132915", "correlationVector":"33KPcuLLSIu5u3EBhIn3SR.1","action":"SyncServerConnectionManagerRequest", "result":"SYNC_SERVER_OK", "context":{"environment":"Prod_southindia_prod-s01-004-apac-southindia", "migrationStage":"NotStarted", "server":"akswtt012000023"}}
{"logTime": "0516/132915", "correlationVector":"33KPcuLLSIu5u3EBhIn3SR.2","action":"Commit Response", "result":"Success", "context":Result: Success. cV=33KPcuLLSIu5u3EBhIn3SR.0;server=akswtt012000023;cloudType=Consumer;environment=Prod_southindia_prod-s01-004-apac-southindia;migrationStage=NotStarted}
{"logTime": "0516/133018", "correlationVector":"0h99ANM7/bRDUufixvM7Rn","action":"Commit Request", "result":"", "context":Item count: 6
Contributing types: Sessions, History}
{"logTime": "0516/133019", "correlationVector":"0h99ANM7/bRDUufixvM7Rn.1","action":"SyncServerConnectionManagerRequest", "result":"SYNC_SERVER_OK", "context":{"environment":"Prod_southindia_prod-s01-004-apac-southindia", "migrationStage":"NotStarted", "server":"akswtt01200001o"}}
{"logTime": "0516/133019", "correlationVector":"0h99ANM7/bRDUufixvM7Rn.2","action":"Commit Response", "result":"Success", "context":Result: Success. cV=0h99ANM7/bRDUufixvM7Rn.0;server=akswtt01200001o;cloudType=Consumer;environment=Prod_southindia_prod-s01-004-apac-southindia;migrationStage=NotStarted}
